<?xml version="1.0" encoding="UTF-8" ?>
<testsuite tests="13" failures="0" name="com.prodyna.ted.library.service.BookServiceTest" time="1.23" errors="0" skipped="0">
  <properties>
[...]
</properties>
  <testcase classname="com.prodyna.ted.library.service.BookServiceTest" name="testRemoveAll1" time="0.755"/>
  <testcase classname="com.prodyna.ted.library.service.BookServiceTest" name="testAddBook1" time="0.064"/>
  <testcase classname="com.prodyna.ted.library.service.BookServiceTest" name="testAddBook2" time="0.049"/>
  <testcase classname="com.prodyna.ted.library.service.BookServiceTest" name="testAddBook3" time="0.039"/>
  <testcase classname="com.prodyna.ted.library.service.BookServiceTest" name="testAddBook4" time="0.044"/>
  <testcase classname="com.prodyna.ted.library.service.BookServiceTest" name="testAddBook5" time="0.032"/>
  <testcase classname="com.prodyna.ted.library.service.BookServiceTest" name="testFindAll" time="0.035"/>
  <testcase classname="com.prodyna.ted.library.service.BookServiceTest" name="testFindBookByISBN" time="0.039"/>
  <testcase classname="com.prodyna.ted.library.service.BookServiceTest" name="testFindBooksByTitle" time="0.03"/>
  <testcase classname="com.prodyna.ted.library.service.BookServiceTest" name="testFindBooksByAuthor" time="0.047"/>
  <testcase classname="com.prodyna.ted.library.service.BookServiceTest" name="testFindBooksByCategory" time="0.029"/>
  <testcase classname="com.prodyna.ted.library.service.BookServiceTest" name="testRemoveBook" time="0.037"/>
  <testcase classname="com.prodyna.ted.library.service.BookServiceTest" name="testRemoveAll2" time="0.03"/>
</testsuite>